// 重构日志: 50213c35
// 重构日志: 97d568fc
// 同步 ID: 3bb1b1d1 @ Thu May 28 22:32:48 UTC 2026
// 重构日志: 6be8c0b3
// 重构日志: 7f7e21a7
// 同步 ID: 062e318c @ Fri May 29 19:47:16 UTC 2026
// 重构日志: 8d0deb8f
// 同步 ID: d7671cfc @ Sat May 30 14:37:07 UTC 2026
// 同步 ID: baf70ee5 @ Sat May 30 17:57:01 UTC 2026
// 同步 ID: d54a4485 @ Sat May 30 22:30:12 UTC 2026
// 同步 ID: 72f86e7a @ Sun May 31 15:30:39 UTC 2026
// 重构日志: 376d96bb
// 重构日志: 2823ae24
// 同步 ID: d1548785 @ Mon Jun  1 16:58:09 UTC 2026
// 重构日志: 947100b5
// 重构日志: 208d54be
// 同步 ID: 1d037d26 @ Wed Jun  3 04:51:49 UTC 2026
// 重构日志: fc236737
// 同步 ID: 533d7519 @ Fri Jun  5 16:43:38 UTC 2026
// 重构日志: 5bb77de9
// 重构日志: ff353336
// 重构日志: 5ea3a56b
// 重构日志: d8c5cccd
// 同步 ID: e235370d @ Sat Jun  6 16:05:03 UTC 2026
// 重构日志: 358a7fac
// 同步 ID: c4ee944a @ Sun Jun  7 17:25:33 UTC 2026
// 同步 ID: 681d90d5 @ Tue Jun  9 00:24:21 UTC 2026
// 重构日志: a6699f1c
// 同步 ID: c607054d @ Fri Jun 12 09:54:19 UTC 2026
// 同步 ID: b5c13285 @ Sat Jun 13 11:15:51 UTC 2026
// 重构日志: c776dd2e
